  Partitions2.cpp
C:\Partitions — копия_ЭКСП — копияCPFIX\Partitions\Partitions2.cpp(38,1): warning C4005: SHFMT_ERROR: изменение макроопределения
  C:\Program Files (x86)\Windows Kits\10\Include\10.0.22621.0\um\shlobj_core.h(2465,1):
  см. предыдущее определение "SHFMT_ERROR"
  
C:\Partitions — копия_ЭКСП — копияCPFIX\Partitions\Partitions2.cpp(39,1): warning C4005: SHFMT_CANCEL: изменение макроопределения
  C:\Program Files (x86)\Windows Kits\10\Include\10.0.22621.0\um\shlobj_core.h(2466,1):
  см. предыдущее определение "SHFMT_CANCEL"
  
C:\Partitions — копия_ЭКСП — копияCPFIX\Partitions\Partitions2.cpp(40,1): warning C4005: SHFMT_NOFORMAT: изменение макроопределения
  C:\Program Files (x86)\Windows Kits\10\Include\10.0.22621.0\um\shlobj_core.h(2467,1):
  см. предыдущее определение "SHFMT_NOFORMAT"
  
C:\Partitions — копия_ЭКСП — копияCPFIX\Partitions\Partitions2.cpp(974,51): warning C4244: =: преобразование "LRESULT" в "int", возможна потеря данных
C:\Partitions — копия_ЭКСП — копияCPFIX\Partitions\Partitions2.cpp(982,56): warning C4244: =: преобразование "LRESULT" в "int", возможна потеря данных
  Создание кода
  3 of 42 functions ( 7.1%) were compiled, the rest were copied from previous compilation.
    0 functions were new in current compilation
    1 functions had inline decision re-evaluated but remain unchanged
  Создание кода завершено
  Partitions.vcxproj -> C:\Partitions — копия_ЭКСП — копияCPFIX\x64\Release\Partitions.exe
  'pwsh.exe' is not recognized as an internal or external command,
  operable program or batch file.
